PRT1
4
4
16
4 0 2 0 (0 64 128 ) (0 192 128 ) (0 192 0 ) (0 64 0 ) 
4 0 1 0 (0 64 0 ) (0 192 0 ) (448 192 0 ) (448 64 0 ) 
4 1 3 0 (0 64 -64 ) (0 64 0 ) (0 192 0 ) (0 192 -64 ) 
4 2 3 0 (0 192 0 ) (0 64 0 ) (-128 64 0 ) (-128 192 0 ) 
4 0 (0 192 128 ) (448 192 128 ) (448 192 0 ) (0 192 0 ) 
4 0 (448 64 128 ) (448 192 128 ) (0 192 128 ) (0 64 128 ) 
4 0 (0 64 0 ) (448 64 0 ) (448 64 128 ) (0 64 128 ) 
4 0 (448 64 128 ) (448 64 0 ) (448 192 0 ) (448 192 128 ) 
4 1 (448 64 0 ) (448 64 -64 ) (448 192 -64 ) (448 192 0 ) 
4 1 (448 192 -64 ) (0 192 -64 ) (0 192 0 ) (448 192 0 ) 
4 1 (448 64 0 ) (0 64 0 ) (0 64 -64 ) (448 64 -64 ) 
4 1 (0 192 -64 ) (448 192 -64 ) (448 64 -64 ) (0 64 -64 ) 
4 2 (0 192 128 ) (0 192 0 ) (-128 192 0 ) (-128 192 128 ) 
4 2 (-128 192 128 ) (-128 64 128 ) (0 64 128 ) (0 192 128 ) 
4 2 (-128 192 0 ) (-128 64 0 ) (-128 64 128 ) (-128 192 128 ) 
4 2 (-128 64 128 ) (-128 64 0 ) (0 64 0 ) (0 64 128 ) 
4 3 (-128 64 -64 ) (-128 192 -64 ) (0 192 -64 ) (0 64 -64 ) 
4 3 (-128 192 -64 ) (-128 192 0 ) (0 192 0 ) (0 192 -64 ) 
4 3 (-128 192 0 ) (-128 192 -64 ) (-128 64 -64 ) (-128 64 0 ) 
4 3 (-128 64 0 ) (-128 64 -64 ) (0 64 -64 ) (0 64 0 ) 
